C:\Program Files\Microsoft Visual Studio\2022\Community\MSBuild\Microsoft\VC\v170\Microsoft.CppBuild.targets(534,5): warning MSB8028: промежуточный каталог (x64\Debug\) содержит файлы, которые используются совместно с другим проектом (Project1.vcxproj).  Это может привести к ошибкам очистки и перестроения.
  main.cpp
C:\Users\marti\Desktop\HomeProg\C++\Project1\Project1\main.cpp(34,53): warning C4244: аргумент: преобразование "int" в "float", возможна потеря данных
C:\Users\marti\Desktop\HomeProg\C++\Project1\Project1\main.cpp(34,30): warning C4244: аргумент: преобразование "int" в "float", возможна потеря данных
C:\Users\marti\Desktop\HomeProg\C++\Project1\Project1\main.cpp(35,48): warning C4244: аргумент: преобразование "int" в "T", возможна потеря данных
          with
          [
              T=float
          ]
C:\Users\marti\Desktop\HomeProg\C++\Project1\Project1\main.cpp(35,31): warning C4244: аргумент: преобразование "int" в "T", возможна потеря данных
          with
          [
              T=float
          ]
C:\Users\marti\Desktop\HomeProg\C++\Project1\Project1\main.cpp(46,65): warning C4244: аргумент: преобразование "int" в "float", возможна потеря данных
C:\Users\marti\Desktop\HomeProg\C++\Project1\Project1\main.cpp(46,39): warning C4244: аргумент: преобразование "int" в "float", возможна потеря данных
C:\Users\marti\Desktop\HomeProg\C++\Project1\Project1\main.cpp(48,54): warning C4244: аргумент: преобразование "int" в "T", возможна потеря данных
          with
          [
              T=float
          ]
C:\Users\marti\Desktop\HomeProg\C++\Project1\Project1\main.cpp(48,37): warning C4244: аргумент: преобразование "int" в "T", возможна потеря данных
          with
          [
              T=float
          ]
  Project1.vcxproj -> C:\Users\marti\Desktop\HomeProg\C++\Project1\x64\Debug\snake.exe
